<?xml version="1.0" encoding="UTF-8"?>
<testsuite xmlns:xsi="http://www.w3.org/2001/XMLSchema-instance" xsi:noNamespaceSchemaLocation="https://maven.apache.org/surefire/maven-surefire-plugin/xsd/surefire-test-report-3.0.xsd" version="3.0" name="com.compiler.AppTest" time="0.014" tests="1" errors="0" skipped="0" failures="0">
  <properties>
    <property name="sun.desktop" value="windows"/>
    <property name="awt.toolkit" value="sun.awt.windows.WToolkit"/>
    <property name="file.encoding.pkg" value="sun.io"/>
    <property name="java.specification.version" value="1.8"/>
    <property name="sun.cpu.isalist" value="amd64"/>
    <property name="sun.jnu.encoding" value="Cp1252"/>
    <property name="java.class.path" value="C:\Users\Cliente\Desktop\UFJF\Compiladores\syntax-analyser\target\test-classes;C:\Users\Cliente\Desktop\UFJF\Compiladores\syntax-analyser\target\classes;C:\Users\Cliente\.m2\repository\junit\junit\3.8.1\junit-3.8.1.jar;C:\Users\Cliente\.m2\repository\org\antlr\antlr4-runtime\4.8-1\antlr4-runtime-4.8-1.jar;"/>
    <property name="java.vm.vendor" value="Oracle Corporation"/>
    <property name="sun.arch.data.model" value="64"/>
    <property name="user.variant" value=""/>
    <property name="java.vendor.url" value="http://java.oracle.com/"/>
    <property name="user.timezone" value="GMT-03:00"/>
    <property name="java.vm.specification.version" value="1.8"/>
    <property name="os.name" value="Windows 10"/>
    <property name="user.country" value="BR"/>
    <property name="sun.java.launcher" value="SUN_STANDARD"/>
    <property name="sun.boot.library.path" value="C:\Program Files\OpenJDK\openjdk-8u282-b08\jre\bin"/>
    <property name="sun.java.command" value="C:\Users\Cliente\AppData\Local\Temp\surefire6160870918768255959\surefirebooter-20230520154113133_3.jar C:\Users\Cliente\AppData\Local\Temp\surefire6160870918768255959 2023-05-20T15-41-12_695-jvmRun1 surefire-20230520154113133_1tmp surefire_0-20230520154113133_2tmp"/>
    <property name="surefire.test.class.path" value="C:\Users\Cliente\Desktop\UFJF\Compiladores\syntax-analyser\target\test-classes;C:\Users\Cliente\Desktop\UFJF\Compiladores\syntax-analyser\target\classes;C:\Users\Cliente\.m2\repository\junit\junit\3.8.1\junit-3.8.1.jar;C:\Users\Cliente\.m2\repository\org\antlr\antlr4-runtime\4.8-1\antlr4-runtime-4.8-1.jar;"/>
    <property name="sun.cpu.endian" value="little"/>
    <property name="user.home" value="C:\Users\Cliente"/>
    <property name="user.language" value="pt"/>
    <property name="java.specification.vendor" value="Oracle Corporation"/>
    <property name="java.home" value="C:\Program Files\OpenJDK\openjdk-8u282-b08\jre"/>
    <property name="basedir" value="C:\Users\Cliente\Desktop\UFJF\Compiladores\syntax-analyser"/>
    <property name="file.separator" value="\"/>
    <property name="line.separator" value="&#10;"/>
    <property name="java.vm.specification.vendor" value="Oracle Corporation"/>
    <property name="java.specification.name" value="Java Platform API Specification"/>
    <property name="java.awt.graphicsenv" value="sun.awt.Win32GraphicsEnvironment"/>
    <property name="surefire.real.class.path" value="C:\Users\Cliente\AppData\Local\Temp\surefire6160870918768255959\surefirebooter-20230520154113133_3.jar"/>
    <property name="sun.boot.class.path" value="C:\Program Files\OpenJDK\openjdk-8u282-b08\jre\lib\resources.jar;C:\Program Files\OpenJDK\openjdk-8u282-b08\jre\lib\rt.jar;C:\Program Files\OpenJDK\openjdk-8u282-b08\jre\lib\sunrsasign.jar;C:\Program Files\OpenJDK\openjdk-8u282-b08\jre\lib\jsse.jar;C:\Program Files\OpenJDK\openjdk-8u282-b08\jre\lib\jce.jar;C:\Program Files\OpenJDK\openjdk-8u282-b08\jre\lib\charsets.jar;C:\Program Files\OpenJDK\openjdk-8u282-b08\jre\lib\jfr.jar;C:\Program Files\OpenJDK\openjdk-8u282-b08\jre\classes"/>
    <property name="user.script" value=""/>
    <property name="sun.management.compiler" value="HotSpot 64-Bit Tiered Compilers"/>
    <property name="java.runtime.version" value="1.8.0_282-b08"/>
    <property name="user.name" value="Cliente"/>
    <property name="path.separator" value=";"/>
    <property name="os.version" value="10.0"/>
    <property name="java.endorsed.dirs" value="C:\Program Files\OpenJDK\openjdk-8u282-b08\jre\lib\endorsed"/>
    <property name="java.runtime.name" value="OpenJDK Runtime Environment"/>
    <property name="file.encoding" value="Cp1252"/>
    <property name="java.vm.name" value="OpenJDK 64-Bit Server VM"/>
    <property name="localRepository" value="C:\Users\Cliente\.m2\repository"/>
    <property name="java.vendor.url.bug" value="http://bugreport.sun.com/bugreport/"/>
    <property name="java.io.tmpdir" value="C:\Users\Cliente\AppData\Local\Temp\"/>
    <property name="java.version" value="1.8.0_282"/>
    <property name="user.dir" value="C:\Users\Cliente\Desktop\UFJF\Compiladores\syntax-analyser"/>
    <property name="os.arch" value="amd64"/>
    <property name="java.vm.specification.name" value="Java Virtual Machine Specification"/>
    <property name="java.awt.printerjob" value="sun.awt.windows.WPrinterJob"/>
    <property name="sun.os.patch.level" value=""/>
    <property name="java.library.path" value="C:\Program Files\OpenJDK\openjdk-8u282-b08\jre\bin;C:\WINDOWS\Sun\Java\bin;C:\WINDOWS\system32;C:\WINDOWS;C:\Users\Cliente\.yarn\bin;C:\Users\Cliente\.config\yarn\global\node_modules\.bin;C:\path\to\node\dir;C:\Program Files\Git\mingw64\bin;C:\Program Files\Git\usr\bin;C:\Users\Cliente\bin;C:\Program Files (x86)\Common Files\Oracle\Java\javapath;C:\Python39\Scripts;C:\Python39;C:\WINDOWS\system32;C:\WINDOWS;C:\WINDOWS\System32\Wbem;C:\WINDOWS\System32\WindowsPowerShell\v1.0;C:\WINDOWS\System32\OpenSSH;C:\ProgramData\chocolatey\bin;C:\Program Files\OpenJDK\openjdk-8u282-b08\bin;C:\Program Files (x86)\Google\Cloud SDK\google-cloud-sdk\bin;C:\Program Files (x86)\NVIDIA Corporation\PhysX\Common;C:\Program Files\NVIDIA Corporation\NVIDIA NvDLISR;C:\Program Files\Git\cmd;C:\Program Files\Docker\Docker\resources\bin;C:\Users\Cliente\AppData\Roaming\nvm;C:\Program Files\nodejs;C:\Program Files\dotnet;C:\ProgramData\chocolatey\lib\maven\apache-maven-3.9.2\bin;C:\Users\Cliente\AppData\Local\Microsoft\WindowsApps;C:\Users\Cliente\AppData\Local\Programs\Microsoft VS Code\bin;C:\MinGW\bin;C:\Users\Cliente\AppData\Roaming\npm;C:\Program Files\Graphviz\bin;C:\Users\Cliente\AppData\Roaming\nvm;C:\Program Files\nodejs;C:\Program Files\swipl\bin;C:\Users\Cliente\.dotnet\tools;C:\ghcup\bin;C:\Users\Cliente\AppData\Roaming\cabal\bin;C:\tools\ghc-9.6.1\bin;."/>
    <property name="java.vm.info" value="mixed mode"/>
    <property name="java.vendor" value="Oracle Corporation"/>
    <property name="java.vm.version" value="25.282-b08"/>
    <property name="java.ext.dirs" value="C:\Program Files\OpenJDK\openjdk-8u282-b08\jre\lib\ext;C:\WINDOWS\Sun\Java\lib\ext"/>
    <property name="sun.io.unicode.encoding" value="UnicodeLittle"/>
    <property name="java.class.version" value="52.0"/>
  </properties>
  <testcase name="testApp" classname="com.compiler.AppTest" time="0.002"/>
</testsuite>